23,45
34,56
34,89
12,34
34,67
38,90
23,45
34,56
34,89
12,34
34,67
38,90
23,45
23,45
23,45
23,45
23,45
23,45
23,45
34,56
34,89
12,34
34,67
38,90
23,45
34,56
34,89
12,34
34,67
34,56
34,89
12,34
34,67
38,90
23,45
34,56
34,89
12,34
34,67
34,56
34,89
12,34
34,67
38,90
23,45
34,56
34,89
12,34
34,67
34,56
34,89
12,34
34,67
38,90
23,45
34,56
34,89
12,34
34,67
34,56
34,89
12,34
34,67
38,90
23,45
34,56
34,89
12,34
34,67
34,56
34,89
12,34
34,67
38,90
23,45
34,56
34,89
12,34
34,67
34,56
34,89
12,34
34,67
38,90
23,45
34,56
34,89
12,34
34,67
0,20
0,20
0,20
0,20
0,20
0,20
0,20
0,20
100,200
100,200
100,200
100,200
10,20
10,20
10,20
10,20
10,20
10,20
10,20
10,20
10,20
10,20
1,2
10,20
1,2
10,20
1,2
10,20
1,2
10,20
40,50
40,50
4,5
4,5
40,50
40,50
4,5
4,5
4,5
4,5
4,5
4,5
4,5
4,5
4,5
40,50
4,5
4,5
4,5
40,50
40,50
40,50
40,50
40,50
40,50
40,50
40,50
40,50
40,50
40,50
40,50
40,50
40,50
40,50
40,50
40,50
40,50
40,50
40,50
40,50
40,50
40,50
40,50
4,5
4,5
4,5
4,5
4,5
40,50
40,50
40,50
40,50
40,50
40,50
40,50
40,50
40,50
40,50
40,50
40,50
40,50
40,50
4,5
4,5
4,5
4,5
4,5
4,5
4,5
40,50
40,50
40,50
4,5
4,5
4,5
40,50
4,5
4,5
4,5
4,5
4,5
4,5
4,5
4,5
4,5
4,5
40,50
40,50
40,50
40,50
4,5
4,5
4,5
4,5
4,5
4,5
40,50
40,50
40,50
4,5
4,5
4,5
40,50
40,50
40,50
40,50
4,5
4,5
4,5
4,5
4,5
40,50
40,50
40,50
40,50
40,50
40,50
40,50
40,50
40,50
40,50
40,50
40,50
40,50
40,50
40,50
40,50
40,50
40,50
40,50
40,50
40,50
4,5
4,5
40,50
40,50
4,5
